# JRE version: OpenJDK Runtime Environment Temurin-21.0.8+9 (21.0.8+9) (build 21.0.8+9-LTS)
# Java VM: OpenJDK 64-Bit Server VM Temurin-21.0.8+9 (21.0.8+9-LTS, mixed mode, sharing, tiered, compressed oops, compressed class ptrs, parallel gc, windows-amd64)
GC Precious Log:
 CardTable entry size: 512
 CPUs: 4 total, 4 available
 Memory: 8123M
 Large Page Support: Disabled
 NUMA Support: Disabled
 Compressed Oops: Enabled (32-bit)
 Alignments: Space 512K, Generation 512K, Heap 2M
 Heap Min Capacity: 100M
 Heap Initial Capacity: 100M
 Heap Max Capacity: 2G
 Pre-touch: Disabled
 Parallel Workers: 4
Heap:
 PSYoungGen      total 3584K, used 2218K [0x00000000d5580000, 0x00000000d5a80000, 0x0000000100000000)
  eden space 3072K, 55% used [0x00000000d5580000,0x00000000d572c158,0x00000000d5880000)
  from space 512K, 98% used [0x00000000d5900000,0x00000000d597ea68,0x00000000d5980000)
  to   space 1024K, 0% used [0x00000000d5980000,0x00000000d5980000,0x00000000d5a80000)
 ParOldGen       total 407040K, used 406645K [0x0000000080000000, 0x0000000098d80000, 0x00000000d5580000)
  object space 407040K, 99% used [0x0000000080000000,0x0000000098d1d448,0x0000000098d80000)
 Metaspace       used 79880K, committed 81664K, reserved 1179648K
  class space    used 8149K, committed 8960K, reserved 1048576K
GC Heap History (20 events):
Event: 1001.213 GC heap before
{Heap before GC invocations=1476 (full 4):
 PSYoungGen      total 3584K, used 3408K [0x00000000d5580000, 0x00000000d5a00000, 0x0000000100000000)
  eden space 3072K, 100% used [0x00000000d5580000,0x00000000d5880000,0x00000000d5880000)
  from space 512K, 65% used [0x00000000d5900000,0x00000000d5954010,0x00000000d5980000)
  to   space 512K, 0% used [0x00000000d5980000,0x00000000d5980000,0x00000000d5a00000)
 ParOldGen       total 403968K, used 403883K [0x0000000080000000, 0x0000000098a80000, 0x00000000d5580000)
  object space 403968K, 99% used [0x0000000080000000,0x0000000098a6afd0,0x0000000098a80000)
 Metaspace       used 79841K, committed 81536K, reserved 1179648K
  class space    used 8145K, committed 8896K, reserved 1048576K
}
Event: 1001.223 GC heap after
{Heap after GC invocations=1476 (full 4):
 PSYoungGen      total 3584K, used 272K [0x00000000d5580000, 0x00000000d5a00000, 0x0000000100000000)
  eden space 3072K, 0% used [0x00000000d5580000,0x00000000d5580000,0x00000000d5880000)
  from space 512K, 53% used [0x00000000d5980000,0x00000000d59c4010,0x00000000d5a00000)
  to   space 512K, 0% used [0x00000000d5900000,0x00000000d5900000,0x00000000d5980000)
 ParOldGen       total 404480K, used 404107K [0x0000000080000000, 0x0000000098b00000, 0x00000000d5580000)
  object space 404480K, 99% used [0x0000000080000000,0x0000000098aa2ff0,0x0000000098b00000)
 Metaspace       used 79841K, committed 81536K, reserved 1179648K
  class space    used 8145K, committed 8896K, reserved 1048576K
}
Event: 1001.231 GC heap before
{Heap before GC invocations=1477 (full 4):
 PSYoungGen      total 3584K, used 3344K [0x00000000d5580000, 0x00000000d5a00000, 0x0000000100000000)
  eden space 3072K, 100% used [0x00000000d5580000,0x00000000d5880000,0x00000000d5880000)
  from space 512K, 53% used [0x00000000d5980000,0x00000000d59c4010,0x00000000d5a00000)
  to   space 512K, 0% used [0x00000000d5900000,0x00000000d5900000,0x00000000d5980000)
 ParOldGen       total 404480K, used 404107K [0x0000000080000000, 0x0000000098b00000, 0x00000000d5580000)
  object space 404480K, 99% used [0x0000000080000000,0x0000000098aa2ff0,0x0000000098b00000)
 Metaspace       used 79841K, committed 81536K, reserved 1179648K
  class space    used 8145K, committed 8896K, reserved 1048576K
}
Event: 1001.234 GC heap after
{Heap after GC invocations=1477 (full 4):
 PSYoungGen      total 3584K, used 208K [0x00000000d5580000, 0x00000000d5a00000, 0x0000000100000000)
  eden space 3072K, 0% used [0x00000000d5580000,0x00000000d5580000,0x00000000d5880000)
  from space 512K, 40% used [0x00000000d5900000,0x00000000d5934010,0x00000000d5980000)
  to   space 512K, 0% used [0x00000000d5980000,0x00000000d5980000,0x00000000d5a00000)
 ParOldGen       total 404480K, used 404348K [0x0000000080000000, 0x0000000098b00000, 0x00000000d5580000)
  object space 404480K, 99% used [0x0000000080000000,0x0000000098adf010,0x0000000098b00000)
 Metaspace       used 79841K, committed 81536K, reserved 1179648K
  class space    used 8145K, committed 8896K, reserved 1048576K
}
Event: 1001.275 GC heap before
{Heap before GC invocations=1478 (full 4):
 PSYoungGen      total 3584K, used 3280K [0x00000000d5580000, 0x00000000d5a00000, 0x0000000100000000)
  eden space 3072K, 100% used [0x00000000d5580000,0x00000000d5880000,0x00000000d5880000)
  from space 512K, 40% used [0x00000000d5900000,0x00000000d5934010,0x00000000d5980000)
  to   space 512K, 0% used [0x00000000d5980000,0x00000000d5980000,0x00000000d5a00000)
 ParOldGen       total 404480K, used 404348K [0x0000000080000000, 0x0000000098b00000, 0x00000000d5580000)
  object space 404480K, 99% used [0x0000000080000000,0x0000000098adf010,0x0000000098b00000)
 Metaspace       used 79842K, committed 81536K, reserved 1179648K
  class space    used 8145K, committed 8896K, reserved 1048576K
}
Event: 1001.280 GC heap after
{Heap after GC invocations=1478 (full 4):
 PSYoungGen      total 3584K, used 506K [0x00000000d5580000, 0x00000000d5a80000, 0x0000000100000000)
  eden space 3072K, 0% used [0x00000000d5580000,0x00000000d5580000,0x00000000d5880000)
  from space 512K, 98% used [0x00000000d5980000,0x00000000d59fea68,0x00000000d5a00000)
  to   space 1024K, 0% used [0x00000000d5880000,0x00000000d5880000,0x00000000d5980000)
 ParOldGen       total 404992K, used 404556K [0x0000000080000000, 0x0000000098b80000, 0x00000000d5580000)
  object space 404992K, 99% used [0x0000000080000000,0x0000000098b13030,0x0000000098b80000)
 Metaspace       used 79842K, committed 81536K, reserved 1179648K
  class space    used 8145K, committed 8896K, reserved 1048576K
}
Event: 1016.206 GC heap before
{Heap before GC invocations=1479 (full 4):
 PSYoungGen      total 3584K, used 3578K [0x00000000d5580000, 0x00000000d5a80000, 0x0000000100000000)
  eden space 3072K, 100% used [0x00000000d5580000,0x00000000d5880000,0x00000000d5880000)
  from space 512K, 98% used [0x00000000d5980000,0x00000000d59fea68,0x00000000d5a00000)
  to   space 1024K, 0% used [0x00000000d5880000,0x00000000d5880000,0x00000000d5980000)
 ParOldGen       total 404992K, used 404556K [0x0000000080000000, 0x0000000098b80000, 0x00000000d5580000)
  object space 404992K, 99% used [0x0000000080000000,0x0000000098b13030,0x0000000098b80000)
 Metaspace       used 79855K, committed 81536K, reserved 1179648K
  class space    used 8145K, committed 8896K, reserved 1048576K
}
Event: 1016.210 GC heap after
{Heap after GC invocations=1479 (full 4):
 PSYoungGen      total 4096K, used 436K [0x00000000d5580000, 0x00000000d5a80000, 0x0000000100000000)
  eden space 3072K, 0% used [0x00000000d5580000,0x00000000d5580000,0x00000000d5880000)
  from space 1024K, 42% used [0x00000000d5880000,0x00000000d58ed200,0x00000000d5980000)
  to   space 1024K, 0% used [0x00000000d5980000,0x00000000d5980000,0x00000000d5a80000)
 ParOldGen       total 404992K, used 404986K [0x0000000080000000, 0x0000000098b80000, 0x00000000d5580000)
  object space 404992K, 99% used [0x0000000080000000,0x0000000098b7eaa8,0x0000000098b80000)
 Metaspace       used 79855K, committed 81536K, reserved 1179648K
  class space    used 8145K, committed 8896K, reserved 1048576K
}
Event: 1016.222 GC heap before
{Heap before GC invocations=1480 (full 4):
 PSYoungGen      total 4096K, used 3508K [0x00000000d5580000, 0x00000000d5a80000, 0x0000000100000000)
  eden space 3072K, 100% used [0x00000000d5580000,0x00000000d5880000,0x00000000d5880000)
  from space 1024K, 42% used [0x00000000d5880000,0x00000000d58ed200,0x00000000d5980000)
  to   space 1024K, 0% used [0x00000000d5980000,0x00000000d5980000,0x00000000d5a80000)
 ParOldGen       total 404992K, used 404986K [0x0000000080000000, 0x0000000098b80000, 0x00000000d5580000)
  object space 404992K, 99% used [0x0000000080000000,0x0000000098b7eaa8,0x0000000098b80000)
 Metaspace       used 79855K, committed 81536K, reserved 1179648K
  class space    used 8145K, committed 8896K, reserved 1048576K
}
Event: 1016.224 GC heap after
{Heap after GC invocations=1480 (full 4):
 PSYoungGen      total 3584K, used 464K [0x00000000d5580000, 0x00000000d5a00000, 0x0000000100000000)
  eden space 3072K, 0% used [0x00000000d5580000,0x00000000d5580000,0x00000000d5880000)
  from space 512K, 90% used [0x00000000d5980000,0x00000000d59f4010,0x00000000d5a00000)
  to   space 512K, 0% used [0x00000000d5900000,0x00000000d5900000,0x00000000d5980000)
 ParOldGen       total 405504K, used 405372K [0x0000000080000000, 0x0000000098c00000, 0x00000000d5580000)
  object space 405504K, 99% used [0x0000000080000000,0x0000000098bdf3b8,0x0000000098c00000)
 Metaspace       used 79855K, committed 81536K, reserved 1179648K
  class space    used 8145K, committed 8896K, reserved 1048576K
}
Event: 1016.235 GC heap before
{Heap before GC invocations=1481 (full 4):
 PSYoungGen      total 3584K, used 3536K [0x00000000d5580000, 0x00000000d5a00000, 0x0000000100000000)
  eden space 3072K, 100% used [0x00000000d5580000,0x00000000d5880000,0x00000000d5880000)
  from space 512K, 90% used [0x00000000d5980000,0x00000000d59f4010,0x00000000d5a00000)
  to   space 512K, 0% used [0x00000000d5900000,0x00000000d5900000,0x00000000d5980000)
 ParOldGen       total 405504K, used 405372K [0x0000000080000000, 0x0000000098c00000, 0x00000000d5580000)
  object space 405504K, 99% used [0x0000000080000000,0x0000000098bdf3b8,0x0000000098c00000)
 Metaspace       used 79856K, committed 81536K, reserved 1179648K
  class space    used 8145K, committed 8896K, reserved 1048576K
}
Event: 1016.238 GC heap after
{Heap after GC invocations=1481 (full 4):
 PSYoungGen      total 3584K, used 320K [0x00000000d5580000, 0x00000000d5a00000, 0x0000000100000000)
  eden space 3072K, 0% used [0x00000000d5580000,0x00000000d5580000,0x00000000d5880000)
  from space 512K, 62% used [0x00000000d5900000,0x00000000d5950000,0x00000000d5980000)
  to   space 512K, 0% used [0x00000000d5980000,0x00000000d5980000,0x00000000d5a00000)
 ParOldGen       total 406016K, used 405748K [0x0000000080000000, 0x0000000098c80000, 0x00000000d5580000)
  object space 406016K, 99% used [0x0000000080000000,0x0000000098c3d3c8,0x0000000098c80000)
 Metaspace       used 79856K, committed 81536K, reserved 1179648K
  class space    used 8145K, committed 8896K, reserved 1048576K
}
Event: 1016.249 GC heap before
{Heap before GC invocations=1482 (full 4):
 PSYoungGen      total 3584K, used 3388K [0x00000000d5580000, 0x00000000d5a00000, 0x0000000100000000)
  eden space 3072K, 99% used [0x00000000d5580000,0x00000000d587f178,0x00000000d5880000)
  from space 512K, 62% used [0x00000000d5900000,0x00000000d5950000,0x00000000d5980000)
  to   space 512K, 0% used [0x00000000d5980000,0x00000000d5980000,0x00000000d5a00000)
 ParOldGen       total 406016K, used 405748K [0x0000000080000000, 0x0000000098c80000, 0x00000000d5580000)
  object space 406016K, 99% used [0x0000000080000000,0x0000000098c3d3c8,0x0000000098c80000)
 Metaspace       used 79856K, committed 81536K, reserved 1179648K
  class space    used 8145K, committed 8896K, reserved 1048576K
}
Event: 1016.251 GC heap after
{Heap after GC invocations=1482 (full 4):
 PSYoungGen      total 3584K, used 320K [0x00000000d5580000, 0x00000000d5a00000, 0x0000000100000000)
  eden space 3072K, 0% used [0x00000000d5580000,0x00000000d5580000,0x00000000d5880000)
  from space 512K, 62% used [0x00000000d5980000,0x00000000d59d0000,0x00000000d5a00000)
  to   space 512K, 0% used [0x00000000d5900000,0x00000000d5900000,0x00000000d5980000)
 ParOldGen       total 406016K, used 405988K [0x0000000080000000, 0x0000000098c80000, 0x00000000d5580000)
  object space 406016K, 99% used [0x0000000080000000,0x0000000098c793e8,0x0000000098c80000)
 Metaspace       used 79856K, committed 81536K, reserved 1179648K
  class space    used 8145K, committed 8896K, reserved 1048576K
}
Event: 1016.262 GC heap before
{Heap before GC invocations=1483 (full 4):
 PSYoungGen      total 3584K, used 3392K [0x00000000d5580000, 0x00000000d5a00000, 0x0000000100000000)
  eden space 3072K, 100% used [0x00000000d5580000,0x00000000d5880000,0x00000000d5880000)
  from space 512K, 62% used [0x00000000d5980000,0x00000000d59d0000,0x00000000d5a00000)
  to   space 512K, 0% used [0x00000000d5900000,0x00000000d5900000,0x00000000d5980000)
 ParOldGen       total 406016K, used 405988K [0x0000000080000000, 0x0000000098c80000, 0x00000000d5580000)
  object space 406016K, 99% used [0x0000000080000000,0x0000000098c793e8,0x0000000098c80000)
 Metaspace       used 79856K, committed 81536K, reserved 1179648K
  class space    used 8145K, committed 8896K, reserved 1048576K
}
Event: 1016.264 GC heap after
{Heap after GC invocations=1483 (full 4):
 PSYoungGen      total 3584K, used 272K [0x00000000d5580000, 0x00000000d5a00000, 0x0000000100000000)
  eden space 3072K, 0% used [0x00000000d5580000,0x00000000d5580000,0x00000000d5880000)
  from space 512K, 53% used [0x00000000d5900000,0x00000000d5944010,0x00000000d5980000)
  to   space 512K, 0% used [0x00000000d5980000,0x00000000d5980000,0x00000000d5a00000)
 ParOldGen       total 406528K, used 406221K [0x0000000080000000, 0x0000000098d00000, 0x00000000d5580000)
  object space 406528K, 99% used [0x0000000080000000,0x0000000098cb3408,0x0000000098d00000)
 Metaspace       used 79856K, committed 81536K, reserved 1179648K
  class space    used 8145K, committed 8896K, reserved 1048576K
}
Event: 1016.272 GC heap before
{Heap before GC invocations=1484 (full 4):
 PSYoungGen      total 3584K, used 3344K [0x00000000d5580000, 0x00000000d5a00000, 0x0000000100000000)
  eden space 3072K, 100% used [0x00000000d5580000,0x00000000d5880000,0x00000000d5880000)
  from space 512K, 53% used [0x00000000d5900000,0x00000000d5944010,0x00000000d5980000)
  to   space 512K, 0% used [0x00000000d5980000,0x00000000d5980000,0x00000000d5a00000)
 ParOldGen       total 406528K, used 406221K [0x0000000080000000, 0x0000000098d00000, 0x00000000d5580000)
  object space 406528K, 99% used [0x0000000080000000,0x0000000098cb3408,0x0000000098d00000)
 Metaspace       used 79857K, committed 81536K, reserved 1179648K
  class space    used 8145K, committed 8896K, reserved 1048576K
}
Event: 1016.274 GC heap after
{Heap after GC invocations=1484 (full 4):
 PSYoungGen      total 3584K, used 224K [0x00000000d5580000, 0x00000000d5a00000, 0x0000000100000000)
  eden space 3072K, 0% used [0x00000000d5580000,0x00000000d5580000,0x00000000d5880000)
  from space 512K, 43% used [0x00000000d5980000,0x00000000d59b8000,0x00000000d5a00000)
  to   space 512K, 0% used [0x00000000d5900000,0x00000000d5900000,0x00000000d5980000)
 ParOldGen       total 406528K, used 406461K [0x0000000080000000, 0x0000000098d00000, 0x00000000d5580000)
  object space 406528K, 99% used [0x0000000080000000,0x0000000098cef428,0x0000000098d00000)
 Metaspace       used 79857K, committed 81536K, reserved 1179648K
  class space    used 8145K, committed 8896K, reserved 1048576K
}
Event: 1016.300 GC heap before
{Heap before GC invocations=1485 (full 4):
 PSYoungGen      total 3584K, used 3296K [0x00000000d5580000, 0x00000000d5a00000, 0x0000000100000000)
  eden space 3072K, 100% used [0x00000000d5580000,0x00000000d5880000,0x00000000d5880000)
  from space 512K, 43% used [0x00000000d5980000,0x00000000d59b8000,0x00000000d5a00000)
  to   space 512K, 0% used [0x00000000d5900000,0x00000000d5900000,0x00000000d5980000)
 ParOldGen       total 406528K, used 406461K [0x0000000080000000, 0x0000000098d00000, 0x00000000d5580000)
  object space 406528K, 99% used [0x0000000080000000,0x0000000098cef428,0x0000000098d00000)
 Metaspace       used 79857K, committed 81536K, reserved 1179648K
  class space    used 8145K, committed 8896K, reserved 1048576K
}
Event: 1016.303 GC heap after
{Heap after GC invocations=1485 (full 4):
 PSYoungGen      total 3584K, used 506K [0x00000000d5580000, 0x00000000d5a80000, 0x0000000100000000)
  eden space 3072K, 0% used [0x00000000d5580000,0x00000000d5580000,0x00000000d5880000)
  from space 512K, 98% used [0x00000000d5900000,0x00000000d597ea68,0x00000000d5980000)
  to   space 1024K, 0% used [0x00000000d5980000,0x00000000d5980000,0x00000000d5a80000)
 ParOldGen       total 407040K, used 406645K [0x0000000080000000, 0x0000000098d80000, 0x00000000d5580000)
  object space 407040K, 99% used [0x0000000080000000,0x0000000098d1d448,0x0000000098d80000)
 Metaspace       used 79857K, committed 81536K, reserved 1179648K
  class space    used 8145K, committed 8896K, reserved 1048576K
}

