# JRE version: Java(TM) SE Runtime Environment (21.0.7+8) (build 21.0.7+8-LTS-245)
# Java VM: Java HotSpot(TM) 64-Bit Server VM (21.0.7+8-LTS-245, mixed mode, sharing, tiered, compressed oops, compressed class ptrs, g1 gc, windows-amd64)
GC Precious Log:
 CardTable entry size: 512
 Card Set container configuration: InlinePtr #cards 5 size 8 Array Of Cards #cards 12 size 40 Howl #buckets 4 coarsen threshold 1843 Howl Bitmap #cards 512 size 80 coarsen threshold 460 Card regions per heap region 1 cards per card region 2048
 CPUs: 4 total, 4 available
 Memory: 8123M
 Large Page Support: Disabled
 NUMA Support: Disabled
 Compressed Oops: Enabled (32-bit)
 Heap Region Size: 1M
 Heap Min Capacity: 8M
 Heap Initial Capacity: 128M
 Heap Max Capacity: 2032M
 Pre-touch: Disabled
 Parallel Workers: 4
 Concurrent Workers: 1
 Concurrent Refinement Workers: 4
 Periodic GC: Disabled
Heap:
 garbage-first heap   total 109568K, used 79719K [0x0000000081000000, 0x0000000100000000)
  region size 1024K, 43 young (44032K), 4 survivors (4096K)
 Metaspace       used 103782K, committed 104704K, reserved 1179648K
  class space    used 12936K, committed 13376K, reserved 1048576K
GC Heap History (20 events):
Event: 20744.851 GC heap before
{Heap before GC invocations=215 (full 9):
 garbage-first heap   total 109568K, used 98607K [0x0000000081000000, 0x0000000100000000)
  region size 1024K, 59 young (60416K), 3 survivors (3072K)
 Metaspace       used 103264K, committed 104256K, reserved 1179648K
  class space    used 12905K, committed 13376K, reserved 1048576K
}
Event: 20744.883 GC heap after
{Heap after GC invocations=216 (full 9):
 garbage-first heap   total 109568K, used 41283K [0x0000000081000000, 0x0000000100000000)
  region size 1024K, 3 young (3072K), 3 survivors (3072K)
 Metaspace       used 103264K, committed 104256K, reserved 1179648K
  class space    used 12905K, committed 13376K, reserved 1048576K
}
Event: 20838.510 GC heap before
{Heap before GC invocations=217 (full 9):
 garbage-first heap   total 109568K, used 98627K [0x0000000081000000, 0x0000000100000000)
  region size 1024K, 59 young (60416K), 3 survivors (3072K)
 Metaspace       used 103264K, committed 104256K, reserved 1179648K
  class space    used 12905K, committed 13376K, reserved 1048576K
}
Event: 20838.515 GC heap after
{Heap after GC invocations=218 (full 9):
 garbage-first heap   total 109568K, used 41368K [0x0000000081000000, 0x0000000100000000)
  region size 1024K, 3 young (3072K), 3 survivors (3072K)
 Metaspace       used 103264K, committed 104256K, reserved 1179648K
  class space    used 12905K, committed 13376K, reserved 1048576K
}
Event: 20954.305 GC heap before
{Heap before GC invocations=218 (full 9):
 garbage-first heap   total 109568K, used 98712K [0x0000000081000000, 0x0000000100000000)
  region size 1024K, 59 young (60416K), 3 survivors (3072K)
 Metaspace       used 103264K, committed 104256K, reserved 1179648K
  class space    used 12905K, committed 13376K, reserved 1048576K
}
Event: 20954.330 GC heap after
{Heap after GC invocations=219 (full 9):
 garbage-first heap   total 109568K, used 40709K [0x0000000081000000, 0x0000000100000000)
  region size 1024K, 3 young (3072K), 3 survivors (3072K)
 Metaspace       used 103264K, committed 104256K, reserved 1179648K
  class space    used 12905K, committed 13376K, reserved 1048576K
}
Event: 21065.132 GC heap before
{Heap before GC invocations=219 (full 9):
 garbage-first heap   total 109568K, used 98053K [0x0000000081000000, 0x0000000100000000)
  region size 1024K, 59 young (60416K), 3 survivors (3072K)
 Metaspace       used 103269K, committed 104256K, reserved 1179648K
  class space    used 12905K, committed 13376K, reserved 1048576K
}
Event: 21065.148 GC heap after
{Heap after GC invocations=220 (full 9):
 garbage-first heap   total 109568K, used 40895K [0x0000000081000000, 0x0000000100000000)
  region size 1024K, 3 young (3072K), 3 survivors (3072K)
 Metaspace       used 103269K, committed 104256K, reserved 1179648K
  class space    used 12905K, committed 13376K, reserved 1048576K
}
Event: 21180.069 GC heap before
{Heap before GC invocations=221 (full 9):
 garbage-first heap   total 109568K, used 98239K [0x0000000081000000, 0x0000000100000000)
  region size 1024K, 59 young (60416K), 3 survivors (3072K)
 Metaspace       used 103269K, committed 104256K, reserved 1179648K
  class space    used 12905K, committed 13376K, reserved 1048576K
}
Event: 21180.090 GC heap after
{Heap after GC invocations=222 (full 9):
 garbage-first heap   total 109568K, used 41016K [0x0000000081000000, 0x0000000100000000)
  region size 1024K, 3 young (3072K), 3 survivors (3072K)
 Metaspace       used 103269K, committed 104256K, reserved 1179648K
  class space    used 12905K, committed 13376K, reserved 1048576K
}
Event: 21290.367 GC heap before
{Heap before GC invocations=222 (full 9):
 garbage-first heap   total 109568K, used 98360K [0x0000000081000000, 0x0000000100000000)
  region size 1024K, 59 young (60416K), 3 survivors (3072K)
 Metaspace       used 103288K, committed 104256K, reserved 1179648K
  class space    used 12905K, committed 13376K, reserved 1048576K
}
Event: 21290.377 GC heap after
{Heap after GC invocations=223 (full 9):
 garbage-first heap   total 109568K, used 40478K [0x0000000081000000, 0x0000000100000000)
  region size 1024K, 3 young (3072K), 3 survivors (3072K)
 Metaspace       used 103288K, committed 104256K, reserved 1179648K
  class space    used 12905K, committed 13376K, reserved 1048576K
}
Event: 21397.667 GC heap before
{Heap before GC invocations=223 (full 9):
 garbage-first heap   total 109568K, used 98846K [0x0000000081000000, 0x0000000100000000)
  region size 1024K, 60 young (61440K), 3 survivors (3072K)
 Metaspace       used 103350K, committed 104320K, reserved 1179648K
  class space    used 12910K, committed 13376K, reserved 1048576K
}
Event: 21397.692 GC heap after
{Heap after GC invocations=224 (full 9):
 garbage-first heap   total 109568K, used 40940K [0x0000000081000000, 0x0000000100000000)
  region size 1024K, 3 young (3072K), 3 survivors (3072K)
 Metaspace       used 103350K, committed 104320K, reserved 1179648K
  class space    used 12910K, committed 13376K, reserved 1048576K
}
Event: 21505.632 GC heap before
{Heap before GC invocations=225 (full 9):
 garbage-first heap   total 109568K, used 99308K [0x0000000081000000, 0x0000000100000000)
  region size 1024K, 60 young (61440K), 3 survivors (3072K)
 Metaspace       used 103606K, committed 104576K, reserved 1179648K
  class space    used 12929K, committed 13376K, reserved 1048576K
}
Event: 21505.647 GC heap after
{Heap after GC invocations=226 (full 9):
 garbage-first heap   total 109568K, used 41330K [0x0000000081000000, 0x0000000100000000)
  region size 1024K, 4 young (4096K), 4 survivors (4096K)
 Metaspace       used 103606K, committed 104576K, reserved 1179648K
  class space    used 12929K, committed 13376K, reserved 1048576K
}
Event: 21596.805 GC heap before
{Heap before GC invocations=226 (full 9):
 garbage-first heap   total 109568K, used 97650K [0x0000000081000000, 0x0000000100000000)
  region size 1024K, 59 young (60416K), 4 survivors (4096K)
 Metaspace       used 103606K, committed 104576K, reserved 1179648K
  class space    used 12929K, committed 13376K, reserved 1048576K
}
Event: 21596.811 GC heap after
{Heap after GC invocations=227 (full 9):
 garbage-first heap   total 109568K, used 41232K [0x0000000081000000, 0x0000000100000000)
  region size 1024K, 4 young (4096K), 4 survivors (4096K)
 Metaspace       used 103606K, committed 104576K, reserved 1179648K
  class space    used 12929K, committed 13376K, reserved 1048576K
}
Event: 21698.486 GC heap before
{Heap before GC invocations=227 (full 9):
 garbage-first heap   total 109568K, used 96528K [0x0000000081000000, 0x0000000100000000)
  region size 1024K, 59 young (60416K), 4 survivors (4096K)
 Metaspace       used 103703K, committed 104640K, reserved 1179648K
  class space    used 12936K, committed 13376K, reserved 1048576K
}
Event: 21698.506 GC heap after
{Heap after GC invocations=228 (full 9):
 garbage-first heap   total 109568K, used 41831K [0x0000000081000000, 0x0000000100000000)
  region size 1024K, 4 young (4096K), 4 survivors (4096K)
 Metaspace       used 103703K, committed 104640K, reserved 1179648K
  class space    used 12936K, committed 13376K, reserved 1048576K
}

