# JRE version: Java(TM) SE Runtime Environment (21.0.7+8) (build 21.0.7+8-LTS-245)
# Java VM: Java HotSpot(TM) 64-Bit Server VM (21.0.7+8-LTS-245, mixed mode, sharing, tiered, compressed oops, compressed class ptrs, g1 gc, windows-amd64)
GC Precious Log:
 CardTable entry size: 512
 Card Set container configuration: InlinePtr #cards 5 size 8 Array Of Cards #cards 12 size 40 Howl #buckets 4 coarsen threshold 1843 Howl Bitmap #cards 512 size 80 coarsen threshold 460 Card regions per heap region 1 cards per card region 2048
 CPUs: 4 total, 4 available
 Memory: 8123M
 Large Page Support: Disabled
 NUMA Support: Disabled
 Compressed Oops: Enabled (32-bit)
 Heap Region Size: 1M
 Heap Min Capacity: 8M
 Heap Initial Capacity: 128M
 Heap Max Capacity: 2032M
 Pre-touch: Disabled
 Parallel Workers: 4
 Concurrent Workers: 1
 Concurrent Refinement Workers: 4
 Periodic GC: Disabled
Heap:
 garbage-first heap   total 71680K, used 57370K [0x0000000081000000, 0x0000000100000000)
  region size 1024K, 32 young (32768K), 2 survivors (2048K)
 Metaspace       used 48112K, committed 48832K, reserved 1114112K
  class space    used 6283K, committed 6592K, reserved 1048576K
GC Heap History (20 events):
Event: 0.949 GC heap before
{Heap before GC invocations=0 (full 0):
 garbage-first heap   total 131072K, used 14336K [0x0000000081000000, 0x0000000100000000)
  region size 1024K, 13 young (13312K), 0 survivors (0K)
 Metaspace       used 2524K, committed 2752K, reserved 1114112K
  class space    used 252K, committed 384K, reserved 1048576K
}
Event: 0.956 GC heap after
{Heap after GC invocations=1 (full 0):
 garbage-first heap   total 131072K, used 6144K [0x0000000081000000, 0x0000000100000000)
  region size 1024K, 2 young (2048K), 2 survivors (2048K)
 Metaspace       used 2524K, committed 2752K, reserved 1114112K
  class space    used 252K, committed 384K, reserved 1048576K
}
Event: 1.346 GC heap before
{Heap before GC invocations=1 (full 0):
 garbage-first heap   total 131072K, used 21504K [0x0000000081000000, 0x0000000100000000)
  region size 1024K, 14 young (14336K), 2 survivors (2048K)
 Metaspace       used 4386K, committed 4544K, reserved 1114112K
  class space    used 434K, committed 512K, reserved 1048576K
}
Event: 1.357 GC heap after
{Heap after GC invocations=2 (full 0):
 garbage-first heap   total 131072K, used 15870K [0x0000000081000000, 0x0000000100000000)
  region size 1024K, 2 young (2048K), 2 survivors (2048K)
 Metaspace       used 4386K, committed 4544K, reserved 1114112K
  class space    used 434K, committed 512K, reserved 1048576K
}
Event: 2.413 GC heap before
{Heap before GC invocations=2 (full 0):
 garbage-first heap   total 131072K, used 30206K [0x0000000081000000, 0x0000000100000000)
  region size 1024K, 16 young (16384K), 2 survivors (2048K)
 Metaspace       used 8612K, committed 8896K, reserved 1114112K
  class space    used 1000K, committed 1152K, reserved 1048576K
}
Event: 2.419 GC heap after
{Heap after GC invocations=3 (full 0):
 garbage-first heap   total 131072K, used 17759K [0x0000000081000000, 0x0000000100000000)
  region size 1024K, 2 young (2048K), 2 survivors (2048K)
 Metaspace       used 8612K, committed 8896K, reserved 1114112K
  class space    used 1000K, committed 1152K, reserved 1048576K
}
Event: 3.965 GC heap before
{Heap before GC invocations=3 (full 0):
 garbage-first heap   total 131072K, used 53599K [0x0000000081000000, 0x0000000100000000)
  region size 1024K, 38 young (38912K), 2 survivors (2048K)
 Metaspace       used 17850K, committed 18176K, reserved 1114112K
  class space    used 2263K, committed 2432K, reserved 1048576K
}
Event: 3.975 GC heap after
{Heap after GC invocations=4 (full 0):
 garbage-first heap   total 131072K, used 20318K [0x0000000081000000, 0x0000000100000000)
  region size 1024K, 4 young (4096K), 4 survivors (4096K)
 Metaspace       used 17850K, committed 18176K, reserved 1114112K
  class space    used 2263K, committed 2432K, reserved 1048576K
}
Event: 4.519 GC heap before
{Heap before GC invocations=4 (full 0):
 garbage-first heap   total 131072K, used 35678K [0x0000000081000000, 0x0000000100000000)
  region size 1024K, 21 young (21504K), 4 survivors (4096K)
 Metaspace       used 21210K, committed 21504K, reserved 1114112K
  class space    used 2604K, committed 2752K, reserved 1048576K
}
Event: 4.526 GC heap after
{Heap after GC invocations=5 (full 0):
 garbage-first heap   total 131072K, used 22289K [0x0000000081000000, 0x0000000100000000)
  region size 1024K, 6 young (6144K), 6 survivors (6144K)
 Metaspace       used 21210K, committed 21504K, reserved 1114112K
  class space    used 2604K, committed 2752K, reserved 1048576K
}
Event: 6.585 GC heap before
{Heap before GC invocations=6 (full 0):
 garbage-first heap   total 71680K, used 56081K [0x0000000081000000, 0x0000000100000000)
  region size 1024K, 42 young (43008K), 6 survivors (6144K)
 Metaspace       used 26406K, committed 26880K, reserved 1114112K
  class space    used 3315K, committed 3520K, reserved 1048576K
}
Event: 6.600 GC heap after
{Heap after GC invocations=7 (full 0):
 garbage-first heap   total 71680K, used 21772K [0x0000000081000000, 0x0000000100000000)
  region size 1024K, 5 young (5120K), 5 survivors (5120K)
 Metaspace       used 26406K, committed 26880K, reserved 1114112K
  class space    used 3315K, committed 3520K, reserved 1048576K
}
Event: 9.075 GC heap before
{Heap before GC invocations=7 (full 0):
 garbage-first heap   total 71680K, used 55564K [0x0000000081000000, 0x0000000100000000)
  region size 1024K, 38 young (38912K), 5 survivors (5120K)
 Metaspace       used 34007K, committed 34496K, reserved 1114112K
  class space    used 4476K, committed 4672K, reserved 1048576K
}
Event: 9.098 GC heap after
{Heap after GC invocations=8 (full 0):
 garbage-first heap   total 71680K, used 23515K [0x0000000081000000, 0x0000000100000000)
  region size 1024K, 4 young (4096K), 4 survivors (4096K)
 Metaspace       used 34007K, committed 34496K, reserved 1114112K
  class space    used 4476K, committed 4672K, reserved 1048576K
}
Event: 9.527 GC heap before
{Heap before GC invocations=8 (full 0):
 garbage-first heap   total 71680K, used 32731K [0x0000000081000000, 0x0000000100000000)
  region size 1024K, 14 young (14336K), 4 survivors (4096K)
 Metaspace       used 35677K, committed 36160K, reserved 1114112K
  class space    used 4664K, committed 4864K, reserved 1048576K
}
Event: 9.537 GC heap after
{Heap after GC invocations=9 (full 0):
 garbage-first heap   total 71680K, used 24032K [0x0000000081000000, 0x0000000100000000)
  region size 1024K, 1 young (1024K), 1 survivors (1024K)
 Metaspace       used 35677K, committed 36160K, reserved 1114112K
  class space    used 4664K, committed 4864K, reserved 1048576K
}
Event: 133.201 GC heap before
{Heap before GC invocations=10 (full 0):
 garbage-first heap   total 71680K, used 58848K [0x0000000081000000, 0x0000000100000000)
  region size 1024K, 36 young (36864K), 1 survivors (1024K)
 Metaspace       used 44134K, committed 44736K, reserved 1114112K
  class space    used 5866K, committed 6144K, reserved 1048576K
}
Event: 133.210 GC heap after
{Heap after GC invocations=11 (full 0):
 garbage-first heap   total 71680K, used 27722K [0x0000000081000000, 0x0000000100000000)
  region size 1024K, 5 young (5120K), 5 survivors (5120K)
 Metaspace       used 44134K, committed 44736K, reserved 1114112K
  class space    used 5866K, committed 6144K, reserved 1048576K
}
Event: 771.552 GC heap before
{Heap before GC invocations=11 (full 0):
 garbage-first heap   total 71680K, used 59466K [0x0000000081000000, 0x0000000100000000)
  region size 1024K, 37 young (37888K), 5 survivors (5120K)
 Metaspace       used 47538K, committed 48256K, reserved 1114112K
  class space    used 6280K, committed 6592K, reserved 1048576K
}
Event: 771.603 GC heap after
{Heap after GC invocations=12 (full 0):
 garbage-first heap   total 71680K, used 28698K [0x0000000081000000, 0x0000000100000000)
  region size 1024K, 2 young (2048K), 2 survivors (2048K)
 Metaspace       used 47538K, committed 48256K, reserved 1114112K
  class space    used 6280K, committed 6592K, reserved 1048576K
}

