# JRE version: Java(TM) SE Runtime Environment (21.0.7+8) (build 21.0.7+8-LTS-245)
# Java VM: Java HotSpot(TM) 64-Bit Server VM (21.0.7+8-LTS-245, mixed mode, sharing, tiered, compressed oops, compressed class ptrs, g1 gc, windows-amd64)
GC Precious Log:
 CardTable entry size: 512
 Card Set container configuration: InlinePtr #cards 5 size 8 Array Of Cards #cards 12 size 40 Howl #buckets 4 coarsen threshold 1843 Howl Bitmap #cards 512 size 80 coarsen threshold 460 Card regions per heap region 1 cards per card region 2048
 CPUs: 4 total, 4 available
 Memory: 8123M
 Large Page Support: Disabled
 NUMA Support: Disabled
 Compressed Oops: Enabled (32-bit)
 Heap Region Size: 1M
 Heap Min Capacity: 8M
 Heap Initial Capacity: 128M
 Heap Max Capacity: 2032M
 Pre-touch: Disabled
 Parallel Workers: 4
 Concurrent Workers: 1
 Concurrent Refinement Workers: 4
 Periodic GC: Disabled
Heap:
 garbage-first heap   total 58368K, used 29015K [0x0000000081000000, 0x0000000100000000)
  region size 1024K, 13 young (13312K), 3 survivors (3072K)
 Metaspace       used 34759K, committed 35328K, reserved 1114112K
  class space    used 4417K, committed 4672K, reserved 1048576K
GC Heap History (12 events):
Event: 2.598 GC heap before
{Heap before GC invocations=0 (full 0):
 garbage-first heap   total 131072K, used 14336K [0x0000000081000000, 0x0000000100000000)
  region size 1024K, 13 young (13312K), 0 survivors (0K)
 Metaspace       used 2614K, committed 2816K, reserved 1114112K
  class space    used 266K, committed 384K, reserved 1048576K
}
Event: 2.645 GC heap after
{Heap after GC invocations=1 (full 0):
 garbage-first heap   total 131072K, used 8095K [0x0000000081000000, 0x0000000100000000)
  region size 1024K, 2 young (2048K), 2 survivors (2048K)
 Metaspace       used 2614K, committed 2816K, reserved 1114112K
  class space    used 266K, committed 384K, reserved 1048576K
}
Event: 4.170 GC heap before
{Heap before GC invocations=1 (full 0):
 garbage-first heap   total 131072K, used 17311K [0x0000000081000000, 0x0000000100000000)
  region size 1024K, 12 young (12288K), 2 survivors (2048K)
 Metaspace       used 6110K, committed 6336K, reserved 1114112K
  class space    used 715K, committed 832K, reserved 1048576K
}
Event: 4.182 GC heap after
{Heap after GC invocations=2 (full 0):
 garbage-first heap   total 131072K, used 9015K [0x0000000081000000, 0x0000000100000000)
  region size 1024K, 2 young (2048K), 2 survivors (2048K)
 Metaspace       used 6110K, committed 6336K, reserved 1114112K
  class space    used 715K, committed 832K, reserved 1048576K
}
Event: 6.887 GC heap before
{Heap before GC invocations=2 (full 0):
 garbage-first heap   total 131072K, used 39735K [0x0000000081000000, 0x0000000100000000)
  region size 1024K, 33 young (33792K), 2 survivors (2048K)
 Metaspace       used 14655K, committed 14976K, reserved 1114112K
  class space    used 1784K, committed 1920K, reserved 1048576K
}
Event: 6.896 GC heap after
{Heap after GC invocations=3 (full 0):
 garbage-first heap   total 131072K, used 11685K [0x0000000081000000, 0x0000000100000000)
  region size 1024K, 4 young (4096K), 4 survivors (4096K)
 Metaspace       used 14655K, committed 14976K, reserved 1114112K
  class space    used 1784K, committed 1920K, reserved 1048576K
}
Event: 11.300 GC heap before
{Heap before GC invocations=3 (full 0):
 garbage-first heap   total 131072K, used 49573K [0x0000000081000000, 0x0000000100000000)
  region size 1024K, 43 young (44032K), 4 survivors (4096K)
 Metaspace       used 21123K, committed 21504K, reserved 1114112K
  class space    used 2555K, committed 2752K, reserved 1048576K
}
Event: 11.316 GC heap after
{Heap after GC invocations=4 (full 0):
 garbage-first heap   total 131072K, used 15881K [0x0000000081000000, 0x0000000100000000)
  region size 1024K, 8 young (8192K), 8 survivors (8192K)
 Metaspace       used 21123K, committed 21504K, reserved 1114112K
  class space    used 2555K, committed 2752K, reserved 1048576K
}
Event: 15.408 GC heap before
{Heap before GC invocations=5 (full 0):
 garbage-first heap   total 58368K, used 42505K [0x0000000081000000, 0x0000000100000000)
  region size 1024K, 34 young (34816K), 8 survivors (8192K)
 Metaspace       used 25894K, committed 26368K, reserved 1114112K
  class space    used 3190K, committed 3392K, reserved 1048576K
}
Event: 15.440 GC heap after
{Heap after GC invocations=6 (full 0):
 garbage-first heap   total 58368K, used 18128K [0x0000000081000000, 0x0000000100000000)
  region size 1024K, 3 young (3072K), 3 survivors (3072K)
 Metaspace       used 25894K, committed 26368K, reserved 1114112K
  class space    used 3190K, committed 3392K, reserved 1048576K
}
Event: 23.006 GC heap before
{Heap before GC invocations=6 (full 0):
 garbage-first heap   total 58368K, used 45776K [0x0000000081000000, 0x0000000100000000)
  region size 1024K, 30 young (30720K), 3 survivors (3072K)
 Metaspace       used 32068K, committed 32640K, reserved 1114112K
  class space    used 4001K, committed 4224K, reserved 1048576K
}
Event: 23.019 GC heap after
{Heap after GC invocations=7 (full 0):
 garbage-first heap   total 58368K, used 20823K [0x0000000081000000, 0x0000000100000000)
  region size 1024K, 3 young (3072K), 3 survivors (3072K)
 Metaspace       used 32068K, committed 32640K, reserved 1114112K
  class space    used 4001K, committed 4224K, reserved 1048576K
}

