# JRE version: OpenJDK Runtime Environment Temurin-21.0.8+9 (21.0.8+9) (build 21.0.8+9-LTS)
# Java VM: OpenJDK 64-Bit Server VM Temurin-21.0.8+9 (21.0.8+9-LTS, mixed mode, sharing, tiered, compressed oops, compressed class ptrs, parallel gc, windows-amd64)
GC Precious Log:
 CardTable entry size: 512
 CPUs: 4 total, 4 available
 Memory: 8123M
 Large Page Support: Disabled
 NUMA Support: Disabled
 Compressed Oops: Enabled (32-bit)
 Alignments: Space 512K, Generation 512K, Heap 2M
 Heap Min Capacity: 100M
 Heap Initial Capacity: 100M
 Heap Max Capacity: 2G
 Pre-touch: Disabled
 Parallel Workers: 4
Heap:
 PSYoungGen      total 24064K, used 18937K [0x00000000d5580000, 0x00000000d7080000, 0x0000000100000000)
  eden space 22016K, 78% used [0x00000000d5580000,0x00000000d665e4c0,0x00000000d6b00000)
  from space 2048K, 81% used [0x00000000d6e80000,0x00000000d7020000,0x00000000d7080000)
  to   space 2560K, 0% used [0x00000000d6b80000,0x00000000d6b80000,0x00000000d6e00000)
 ParOldGen       total 68608K, used 21671K [0x0000000080000000, 0x0000000084300000, 0x00000000d5580000)
  object space 68608K, 31% used [0x0000000080000000,0x0000000081529f88,0x0000000084300000)
 Metaspace       used 44093K, committed 45440K, reserved 1114112K
  class space    used 4828K, committed 5440K, reserved 1048576K
GC Heap History (20 events):
Event: 14.524 GC heap before
{Heap before GC invocations=9 (full 1):
 PSYoungGen      total 29184K, used 24576K [0x00000000d5580000, 0x00000000d7680000, 0x0000000100000000)
  eden space 24576K, 100% used [0x00000000d5580000,0x00000000d6d80000,0x00000000d6d80000)
  from space 4608K, 0% used [0x00000000d6e80000,0x00000000d6e80000,0x00000000d7300000)
  to   space 3584K, 0% used [0x00000000d7300000,0x00000000d7300000,0x00000000d7680000)
 ParOldGen       total 68608K, used 12773K [0x0000000080000000, 0x0000000084300000, 0x00000000d5580000)
  object space 68608K, 18% used [0x0000000080000000,0x0000000080c79490,0x0000000084300000)
 Metaspace       used 22444K, committed 23424K, reserved 1114112K
  class space    used 2363K, committed 2752K, reserved 1048576K
}
Event: 14.527 GC heap after
{Heap after GC invocations=9 (full 1):
 PSYoungGen      total 27136K, used 2848K [0x00000000d5580000, 0x00000000d7600000, 0x0000000100000000)
  eden space 24064K, 0% used [0x00000000d5580000,0x00000000d5580000,0x00000000d6d00000)
  from space 3072K, 92% used [0x00000000d7300000,0x00000000d75c8210,0x00000000d7600000)
  to   space 3584K, 0% used [0x00000000d6f00000,0x00000000d6f00000,0x00000000d7280000)
 ParOldGen       total 68608K, used 12781K [0x0000000080000000, 0x0000000084300000, 0x00000000d5580000)
  object space 68608K, 18% used [0x0000000080000000,0x0000000080c7b490,0x0000000084300000)
 Metaspace       used 22444K, committed 23424K, reserved 1114112K
  class space    used 2363K, committed 2752K, reserved 1048576K
}
Event: 15.491 GC heap before
{Heap before GC invocations=10 (full 1):
 PSYoungGen      total 27136K, used 26912K [0x00000000d5580000, 0x00000000d7600000, 0x0000000100000000)
  eden space 24064K, 100% used [0x00000000d5580000,0x00000000d6d00000,0x00000000d6d00000)
  from space 3072K, 92% used [0x00000000d7300000,0x00000000d75c8210,0x00000000d7600000)
  to   space 3584K, 0% used [0x00000000d6f00000,0x00000000d6f00000,0x00000000d7280000)
 ParOldGen       total 68608K, used 12781K [0x0000000080000000, 0x0000000084300000, 0x00000000d5580000)
  object space 68608K, 18% used [0x0000000080000000,0x0000000080c7b490,0x0000000084300000)
 Metaspace       used 26346K, committed 27328K, reserved 1114112K
  class space    used 2697K, committed 3136K, reserved 1048576K
}
Event: 15.495 GC heap after
{Heap after GC invocations=10 (full 1):
 PSYoungGen      total 25088K, used 1473K [0x00000000d5580000, 0x00000000d7380000, 0x0000000100000000)
  eden space 23552K, 0% used [0x00000000d5580000,0x00000000d5580000,0x00000000d6c80000)
  from space 1536K, 95% used [0x00000000d6f00000,0x00000000d7070608,0x00000000d7080000)
  to   space 2560K, 0% used [0x00000000d7100000,0x00000000d7100000,0x00000000d7380000)
 ParOldGen       total 68608K, used 12789K [0x0000000080000000, 0x0000000084300000, 0x00000000d5580000)
  object space 68608K, 18% used [0x0000000080000000,0x0000000080c7d490,0x0000000084300000)
 Metaspace       used 26346K, committed 27328K, reserved 1114112K
  class space    used 2697K, committed 3136K, reserved 1048576K
}
Event: 15.894 GC heap before
{Heap before GC invocations=11 (full 1):
 PSYoungGen      total 25088K, used 25025K [0x00000000d5580000, 0x00000000d7380000, 0x0000000100000000)
  eden space 23552K, 100% used [0x00000000d5580000,0x00000000d6c80000,0x00000000d6c80000)
  from space 1536K, 95% used [0x00000000d6f00000,0x00000000d7070608,0x00000000d7080000)
  to   space 2560K, 0% used [0x00000000d7100000,0x00000000d7100000,0x00000000d7380000)
 ParOldGen       total 68608K, used 12789K [0x0000000080000000, 0x0000000084300000, 0x00000000d5580000)
  object space 68608K, 18% used [0x0000000080000000,0x0000000080c7d490,0x0000000084300000)
 Metaspace       used 29168K, committed 30144K, reserved 1114112K
  class space    used 3004K, committed 3456K, reserved 1048576K
}
Event: 15.900 GC heap after
{Heap after GC invocations=11 (full 1):
 PSYoungGen      total 25600K, used 2558K [0x00000000d5580000, 0x00000000d7400000, 0x0000000100000000)
  eden space 23040K, 0% used [0x00000000d5580000,0x00000000d5580000,0x00000000d6c00000)
  from space 2560K, 99% used [0x00000000d7100000,0x00000000d737fb68,0x00000000d7380000)
  to   space 4096K, 0% used [0x00000000d6c00000,0x00000000d6c00000,0x00000000d7000000)
 ParOldGen       total 68608K, used 13680K [0x0000000080000000, 0x0000000084300000, 0x00000000d5580000)
  object space 68608K, 19% used [0x0000000080000000,0x0000000080d5c2b8,0x0000000084300000)
 Metaspace       used 29168K, committed 30144K, reserved 1114112K
  class space    used 3004K, committed 3456K, reserved 1048576K
}
Event: 16.204 GC heap before
{Heap before GC invocations=12 (full 1):
 PSYoungGen      total 25600K, used 25598K [0x00000000d5580000, 0x00000000d7400000, 0x0000000100000000)
  eden space 23040K, 100% used [0x00000000d5580000,0x00000000d6c00000,0x00000000d6c00000)
  from space 2560K, 99% used [0x00000000d7100000,0x00000000d737fb68,0x00000000d7380000)
  to   space 4096K, 0% used [0x00000000d6c00000,0x00000000d6c00000,0x00000000d7000000)
 ParOldGen       total 68608K, used 13680K [0x0000000080000000, 0x0000000084300000, 0x00000000d5580000)
  object space 68608K, 19% used [0x0000000080000000,0x0000000080d5c2b8,0x0000000084300000)
 Metaspace       used 29990K, committed 31040K, reserved 1114112K
  class space    used 3099K, committed 3584K, reserved 1048576K
}
Event: 16.208 GC heap after
{Heap after GC invocations=12 (full 1):
 PSYoungGen      total 23552K, used 639K [0x00000000d5580000, 0x00000000d7180000, 0x0000000100000000)
  eden space 22528K, 0% used [0x00000000d5580000,0x00000000d5580000,0x00000000d6b80000)
  from space 1024K, 62% used [0x00000000d6c00000,0x00000000d6c9ff00,0x00000000d6d00000)
  to   space 2048K, 0% used [0x00000000d6f80000,0x00000000d6f80000,0x00000000d7180000)
 ParOldGen       total 68608K, used 16159K [0x0000000080000000, 0x0000000084300000, 0x00000000d5580000)
  object space 68608K, 23% used [0x0000000080000000,0x0000000080fc7d70,0x0000000084300000)
 Metaspace       used 29990K, committed 31040K, reserved 1114112K
  class space    used 3099K, committed 3584K, reserved 1048576K
}
Event: 16.908 GC heap before
{Heap before GC invocations=13 (full 1):
 PSYoungGen      total 23552K, used 23167K [0x00000000d5580000, 0x00000000d7180000, 0x0000000100000000)
  eden space 22528K, 100% used [0x00000000d5580000,0x00000000d6b80000,0x00000000d6b80000)
  from space 1024K, 62% used [0x00000000d6c00000,0x00000000d6c9ff00,0x00000000d6d00000)
  to   space 2048K, 0% used [0x00000000d6f80000,0x00000000d6f80000,0x00000000d7180000)
 ParOldGen       total 68608K, used 16159K [0x0000000080000000, 0x0000000084300000, 0x00000000d5580000)
  object space 68608K, 23% used [0x0000000080000000,0x0000000080fc7d70,0x0000000084300000)
 Metaspace       used 32080K, committed 33152K, reserved 1114112K
  class space    used 3330K, committed 3776K, reserved 1048576K
}
Event: 16.911 GC heap after
{Heap after GC invocations=13 (full 1):
 PSYoungGen      total 23552K, used 1208K [0x00000000d5580000, 0x00000000d7100000, 0x0000000100000000)
  eden space 22016K, 0% used [0x00000000d5580000,0x00000000d5580000,0x00000000d6b00000)
  from space 1536K, 78% used [0x00000000d6f80000,0x00000000d70ae168,0x00000000d7100000)
  to   space 1536K, 0% used [0x00000000d6e00000,0x00000000d6e00000,0x00000000d6f80000)
 ParOldGen       total 68608K, used 16559K [0x0000000080000000, 0x0000000084300000, 0x00000000d5580000)
  object space 68608K, 24% used [0x0000000080000000,0x000000008102bdb0,0x0000000084300000)
 Metaspace       used 32080K, committed 33152K, reserved 1114112K
  class space    used 3330K, committed 3776K, reserved 1048576K
}
Event: 17.312 GC heap before
{Heap before GC invocations=14 (full 1):
 PSYoungGen      total 23552K, used 19736K [0x00000000d5580000, 0x00000000d7100000, 0x0000000100000000)
  eden space 22016K, 84% used [0x00000000d5580000,0x00000000d6797f98,0x00000000d6b00000)
  from space 1536K, 78% used [0x00000000d6f80000,0x00000000d70ae168,0x00000000d7100000)
  to   space 1536K, 0% used [0x00000000d6e00000,0x00000000d6e00000,0x00000000d6f80000)
 ParOldGen       total 68608K, used 16559K [0x0000000080000000, 0x0000000084300000, 0x00000000d5580000)
  object space 68608K, 24% used [0x0000000080000000,0x000000008102bdb0,0x0000000084300000)
 Metaspace       used 34731K, committed 35840K, reserved 1114112K
  class space    used 3629K, committed 4096K, reserved 1048576K
}
Event: 17.317 GC heap after
{Heap after GC invocations=14 (full 1):
 PSYoungGen      total 23040K, used 940K [0x00000000d5580000, 0x00000000d7000000, 0x0000000100000000)
  eden space 22016K, 0% used [0x00000000d5580000,0x00000000d5580000,0x00000000d6b00000)
  from space 1024K, 91% used [0x00000000d6e00000,0x00000000d6eeb0a8,0x00000000d6f00000)
  to   space 1024K, 0% used [0x00000000d6f00000,0x00000000d6f00000,0x00000000d7000000)
 ParOldGen       total 68608K, used 17647K [0x0000000080000000, 0x0000000084300000, 0x00000000d5580000)
  object space 68608K, 25% used [0x0000000080000000,0x000000008113bf18,0x0000000084300000)
 Metaspace       used 34731K, committed 35840K, reserved 1114112K
  class space    used 3629K, committed 4096K, reserved 1048576K
}
Event: 17.317 GC heap before
{Heap before GC invocations=15 (full 2):
 PSYoungGen      total 23040K, used 940K [0x00000000d5580000, 0x00000000d7000000, 0x0000000100000000)
  eden space 22016K, 0% used [0x00000000d5580000,0x00000000d5580000,0x00000000d6b00000)
  from space 1024K, 91% used [0x00000000d6e00000,0x00000000d6eeb0a8,0x00000000d6f00000)
  to   space 1024K, 0% used [0x00000000d6f00000,0x00000000d6f00000,0x00000000d7000000)
 ParOldGen       total 68608K, used 17647K [0x0000000080000000, 0x0000000084300000, 0x00000000d5580000)
  object space 68608K, 25% used [0x0000000080000000,0x000000008113bf18,0x0000000084300000)
 Metaspace       used 34731K, committed 35840K, reserved 1114112K
  class space    used 3629K, committed 4096K, reserved 1048576K
}
Event: 17.386 GC heap after
{Heap after GC invocations=15 (full 2):
 PSYoungGen      total 23040K, used 0K [0x00000000d5580000, 0x00000000d7000000, 0x0000000100000000)
  eden space 22016K, 0% used [0x00000000d5580000,0x00000000d5580000,0x00000000d6b00000)
  from space 1024K, 0% used [0x00000000d6e00000,0x00000000d6e00000,0x00000000d6f00000)
  to   space 1024K, 0% used [0x00000000d6f00000,0x00000000d6f00000,0x00000000d7000000)
 ParOldGen       total 68608K, used 18136K [0x0000000080000000, 0x0000000084300000, 0x00000000d5580000)
  object space 68608K, 26% used [0x0000000080000000,0x00000000811b6168,0x0000000084300000)
 Metaspace       used 34731K, committed 35840K, reserved 1114112K
  class space    used 3629K, committed 4096K, reserved 1048576K
}
Event: 17.820 GC heap before
{Heap before GC invocations=16 (full 2):
 PSYoungGen      total 23040K, used 22016K [0x00000000d5580000, 0x00000000d7000000, 0x0000000100000000)
  eden space 22016K, 100% used [0x00000000d5580000,0x00000000d6b00000,0x00000000d6b00000)
  from space 1024K, 0% used [0x00000000d6e00000,0x00000000d6e00000,0x00000000d6f00000)
  to   space 1024K, 0% used [0x00000000d6f00000,0x00000000d6f00000,0x00000000d7000000)
 ParOldGen       total 68608K, used 18136K [0x0000000080000000, 0x0000000084300000, 0x00000000d5580000)
  object space 68608K, 26% used [0x0000000080000000,0x00000000811b6168,0x0000000084300000)
 Metaspace       used 37151K, committed 38272K, reserved 1114112K
  class space    used 3945K, committed 4416K, reserved 1048576K
}
Event: 17.822 GC heap after
{Heap after GC invocations=16 (full 2):
 PSYoungGen      total 23040K, used 1020K [0x00000000d5580000, 0x00000000d7000000, 0x0000000100000000)
  eden space 22016K, 0% used [0x00000000d5580000,0x00000000d5580000,0x00000000d6b00000)
  from space 1024K, 99% used [0x00000000d6f00000,0x00000000d6fff360,0x00000000d7000000)
  to   space 2048K, 0% used [0x00000000d6c00000,0x00000000d6c00000,0x00000000d6e00000)
 ParOldGen       total 68608K, used 18733K [0x0000000080000000, 0x0000000084300000, 0x00000000d5580000)
  object space 68608K, 27% used [0x0000000080000000,0x000000008124b6d0,0x0000000084300000)
 Metaspace       used 37151K, committed 38272K, reserved 1114112K
  class space    used 3945K, committed 4416K, reserved 1048576K
}
Event: 18.281 GC heap before
{Heap before GC invocations=17 (full 2):
 PSYoungGen      total 23040K, used 23036K [0x00000000d5580000, 0x00000000d7000000, 0x0000000100000000)
  eden space 22016K, 100% used [0x00000000d5580000,0x00000000d6b00000,0x00000000d6b00000)
  from space 1024K, 99% used [0x00000000d6f00000,0x00000000d6fff360,0x00000000d7000000)
  to   space 2048K, 0% used [0x00000000d6c00000,0x00000000d6c00000,0x00000000d6e00000)
 ParOldGen       total 68608K, used 18733K [0x0000000080000000, 0x0000000084300000, 0x00000000d5580000)
  object space 68608K, 27% used [0x0000000080000000,0x000000008124b6d0,0x0000000084300000)
 Metaspace       used 39772K, committed 40960K, reserved 1114112K
  class space    used 4270K, committed 4736K, reserved 1048576K
}
Event: 18.286 GC heap after
{Heap after GC invocations=17 (full 2):
 PSYoungGen      total 24064K, used 2048K [0x00000000d5580000, 0x00000000d7200000, 0x0000000100000000)
  eden space 22016K, 0% used [0x00000000d5580000,0x00000000d5580000,0x00000000d6b00000)
  from space 2048K, 100% used [0x00000000d6c00000,0x00000000d6e00000,0x00000000d6e00000)
  to   space 3584K, 0% used [0x00000000d6e80000,0x00000000d6e80000,0x00000000d7200000)
 ParOldGen       total 68608K, used 19724K [0x0000000080000000, 0x0000000084300000, 0x00000000d5580000)
  object space 68608K, 28% used [0x0000000080000000,0x00000000813431c0,0x0000000084300000)
 Metaspace       used 39772K, committed 40960K, reserved 1114112K
  class space    used 4270K, committed 4736K, reserved 1048576K
}
Event: 19.080 GC heap before
{Heap before GC invocations=18 (full 2):
 PSYoungGen      total 24064K, used 23992K [0x00000000d5580000, 0x00000000d7200000, 0x0000000100000000)
  eden space 22016K, 99% used [0x00000000d5580000,0x00000000d6aee2f0,0x00000000d6b00000)
  from space 2048K, 100% used [0x00000000d6c00000,0x00000000d6e00000,0x00000000d6e00000)
  to   space 3584K, 0% used [0x00000000d6e80000,0x00000000d6e80000,0x00000000d7200000)
 ParOldGen       total 68608K, used 19724K [0x0000000080000000, 0x0000000084300000, 0x00000000d5580000)
  object space 68608K, 28% used [0x0000000080000000,0x00000000813431c0,0x0000000084300000)
 Metaspace       used 42073K, committed 43328K, reserved 1114112K
  class space    used 4567K, committed 5120K, reserved 1048576K
}
Event: 19.091 GC heap after
{Heap after GC invocations=18 (full 2):
 PSYoungGen      total 24064K, used 1664K [0x00000000d5580000, 0x00000000d7080000, 0x0000000100000000)
  eden space 22016K, 0% used [0x00000000d5580000,0x00000000d5580000,0x00000000d6b00000)
  from space 2048K, 81% used [0x00000000d6e80000,0x00000000d7020000,0x00000000d7080000)
  to   space 2560K, 0% used [0x00000000d6b80000,0x00000000d6b80000,0x00000000d6e00000)
 ParOldGen       total 68608K, used 21671K [0x0000000080000000, 0x0000000084300000, 0x00000000d5580000)
  object space 68608K, 31% used [0x0000000080000000,0x0000000081529f88,0x0000000084300000)
 Metaspace       used 42073K, committed 43328K, reserved 1114112K
  class space    used 4567K, committed 5120K, reserved 1048576K
}

