# JRE version: OpenJDK Runtime Environment Temurin-21.0.8+9 (21.0.8+9) (build 21.0.8+9-LTS)
# Java VM: OpenJDK 64-Bit Server VM Temurin-21.0.8+9 (21.0.8+9-LTS, mixed mode, sharing, tiered, compressed oops, compressed class ptrs, parallel gc, windows-amd64)
GC Precious Log:
 CardTable entry size: 512
 CPUs: 4 total, 4 available
 Memory: 8123M
 Large Page Support: Disabled
 NUMA Support: Disabled
 Compressed Oops: Enabled (32-bit)
 Alignments: Space 512K, Generation 512K, Heap 2M
 Heap Min Capacity: 100M
 Heap Initial Capacity: 100M
 Heap Max Capacity: 2G
 Pre-touch: Disabled
 Parallel Workers: 4
Heap:
 PSYoungGen      total 5632K, used 3744K [0x00000000d5580000, 0x00000000d6000000, 0x0000000100000000)
  eden space 5120K, 67% used [0x00000000d5580000,0x00000000d58e00d0,0x00000000d5a80000)
  from space 512K, 56% used [0x00000000d5f00000,0x00000000d5f48000,0x00000000d5f80000)
  to   space 512K, 0% used [0x00000000d5f80000,0x00000000d5f80000,0x00000000d6000000)
 ParOldGen       total 260096K, used 260094K [0x0000000080000000, 0x000000008fe00000, 0x00000000d5580000)
  object space 260096K, 99% used [0x0000000080000000,0x000000008fdffaf0,0x000000008fe00000)
 Metaspace       used 83791K, committed 85568K, reserved 1179648K
  class space    used 8923K, committed 9664K, reserved 1048576K
GC Heap History (20 events):
Event: 222.535 GC heap before
{Heap before GC invocations=189 (full 3):
 PSYoungGen      total 7168K, used 4961K [0x00000000d5580000, 0x00000000d6000000, 0x0000000100000000)
  eden space 5120K, 93% used [0x00000000d5580000,0x00000000d5a28510,0x00000000d5a80000)
  from space 2048K, 9% used [0x00000000d5c00000,0x00000000d5c30000,0x00000000d5e00000)
  to   space 512K, 0% used [0x00000000d5f80000,0x00000000d5f80000,0x00000000d6000000)
 ParOldGen       total 254976K, used 254683K [0x0000000080000000, 0x000000008f900000, 0x00000000d5580000)
  object space 254976K, 99% used [0x0000000080000000,0x000000008f8b6e50,0x000000008f900000)
 Metaspace       used 80450K, committed 82112K, reserved 1179648K
  class space    used 8454K, committed 9216K, reserved 1048576K
}
Event: 222.539 GC heap after
{Heap after GC invocations=189 (full 3):
 PSYoungGen      total 5632K, used 492K [0x00000000d5580000, 0x00000000d6080000, 0x0000000100000000)
  eden space 5120K, 0% used [0x00000000d5580000,0x00000000d5580000,0x00000000d5a80000)
  from space 512K, 96% used [0x00000000d5f80000,0x00000000d5ffb050,0x00000000d6000000)
  to   space 3072K, 0% used [0x00000000d5a80000,0x00000000d5a80000,0x00000000d5d80000)
 ParOldGen       total 257024K, used 256683K [0x0000000080000000, 0x000000008fb00000, 0x00000000d5580000)
  object space 257024K, 99% used [0x0000000080000000,0x000000008faaad20,0x000000008fb00000)
 Metaspace       used 80450K, committed 82112K, reserved 1179648K
  class space    used 8454K, committed 9216K, reserved 1048576K
}
Event: 222.608 GC heap before
{Heap before GC invocations=190 (full 3):
 PSYoungGen      total 5632K, used 5612K [0x00000000d5580000, 0x00000000d6080000, 0x0000000100000000)
  eden space 5120K, 100% used [0x00000000d5580000,0x00000000d5a80000,0x00000000d5a80000)
  from space 512K, 96% used [0x00000000d5f80000,0x00000000d5ffb050,0x00000000d6000000)
  to   space 3072K, 0% used [0x00000000d5a80000,0x00000000d5a80000,0x00000000d5d80000)
 ParOldGen       total 257024K, used 256683K [0x0000000080000000, 0x000000008fb00000, 0x00000000d5580000)
  object space 257024K, 99% used [0x0000000080000000,0x000000008faaad20,0x000000008fb00000)
 Metaspace       used 80451K, committed 82112K, reserved 1179648K
  class space    used 8454K, committed 9216K, reserved 1048576K
}
Event: 222.611 GC heap after
{Heap after GC invocations=190 (full 3):
 PSYoungGen      total 8192K, used 3066K [0x00000000d5580000, 0x00000000d6580000, 0x0000000100000000)
  eden space 5120K, 0% used [0x00000000d5580000,0x00000000d5580000,0x00000000d5a80000)
  from space 3072K, 99% used [0x00000000d5a80000,0x00000000d5d7e820,0x00000000d5d80000)
  to   space 5632K, 0% used [0x00000000d6000000,0x00000000d6000000,0x00000000d6580000)
 ParOldGen       total 258560K, used 258425K [0x0000000080000000, 0x000000008fc80000, 0x00000000d5580000)
  object space 258560K, 99% used [0x0000000080000000,0x000000008fc5e420,0x000000008fc80000)
 Metaspace       used 80451K, committed 82112K, reserved 1179648K
  class space    used 8454K, committed 9216K, reserved 1048576K
}
Event: 222.740 GC heap before
{Heap before GC invocations=191 (full 3):
 PSYoungGen      total 8192K, used 8186K [0x00000000d5580000, 0x00000000d6580000, 0x0000000100000000)
  eden space 5120K, 100% used [0x00000000d5580000,0x00000000d5a80000,0x00000000d5a80000)
  from space 3072K, 99% used [0x00000000d5a80000,0x00000000d5d7e820,0x00000000d5d80000)
  to   space 5632K, 0% used [0x00000000d6000000,0x00000000d6000000,0x00000000d6580000)
 ParOldGen       total 258560K, used 258425K [0x0000000080000000, 0x000000008fc80000, 0x00000000d5580000)
  object space 258560K, 99% used [0x0000000080000000,0x000000008fc5e420,0x000000008fc80000)
 Metaspace       used 80537K, committed 82176K, reserved 1179648K
  class space    used 8478K, committed 9216K, reserved 1048576K
}
Event: 222.746 GC heap after
{Heap after GC invocations=191 (full 3):
 PSYoungGen      total 6656K, used 1120K [0x00000000d5580000, 0x00000000d6180000, 0x0000000100000000)
  eden space 5120K, 0% used [0x00000000d5580000,0x00000000d5580000,0x00000000d5a80000)
  from space 1536K, 72% used [0x00000000d6000000,0x00000000d6118010,0x00000000d6180000)
  to   space 2560K, 0% used [0x00000000d5c80000,0x00000000d5c80000,0x00000000d5f00000)
 ParOldGen       total 258560K, used 258513K [0x0000000080000000, 0x000000008fc80000, 0x00000000d5580000)
  object space 258560K, 99% used [0x0000000080000000,0x000000008fc74420,0x000000008fc80000)
 Metaspace       used 80537K, committed 82176K, reserved 1179648K
  class space    used 8478K, committed 9216K, reserved 1048576K
}
Event: 222.817 GC heap before
{Heap before GC invocations=192 (full 3):
 PSYoungGen      total 6656K, used 6240K [0x00000000d5580000, 0x00000000d6180000, 0x0000000100000000)
  eden space 5120K, 100% used [0x00000000d5580000,0x00000000d5a80000,0x00000000d5a80000)
  from space 1536K, 72% used [0x00000000d6000000,0x00000000d6118010,0x00000000d6180000)
  to   space 2560K, 0% used [0x00000000d5c80000,0x00000000d5c80000,0x00000000d5f00000)
 ParOldGen       total 258560K, used 258513K [0x0000000080000000, 0x000000008fc80000, 0x00000000d5580000)
  object space 258560K, 99% used [0x0000000080000000,0x000000008fc74420,0x000000008fc80000)
 Metaspace       used 80537K, committed 82176K, reserved 1179648K
  class space    used 8478K, committed 9216K, reserved 1048576K
}
Event: 222.823 GC heap after
{Heap after GC invocations=192 (full 3):
 PSYoungGen      total 7680K, used 32K [0x00000000d5580000, 0x00000000d6080000, 0x0000000100000000)
  eden space 5120K, 0% used [0x00000000d5580000,0x00000000d5580000,0x00000000d5a80000)
  from space 2560K, 1% used [0x00000000d5c80000,0x00000000d5c88000,0x00000000d5f00000)
  to   space 1024K, 0% used [0x00000000d5f80000,0x00000000d5f80000,0x00000000d6080000)
 ParOldGen       total 259584K, used 259535K [0x0000000080000000, 0x000000008fd80000, 0x00000000d5580000)
  object space 259584K, 99% used [0x0000000080000000,0x000000008fd73ed8,0x000000008fd80000)
 Metaspace       used 80537K, committed 82176K, reserved 1179648K
  class space    used 8478K, committed 9216K, reserved 1048576K
}
Event: 223.015 GC heap before
{Heap before GC invocations=193 (full 3):
 PSYoungGen      total 7680K, used 5152K [0x00000000d5580000, 0x00000000d6080000, 0x0000000100000000)
  eden space 5120K, 100% used [0x00000000d5580000,0x00000000d5a80000,0x00000000d5a80000)
  from space 2560K, 1% used [0x00000000d5c80000,0x00000000d5c88000,0x00000000d5f00000)
  to   space 1024K, 0% used [0x00000000d5f80000,0x00000000d5f80000,0x00000000d6080000)
 ParOldGen       total 259584K, used 259535K [0x0000000080000000, 0x000000008fd80000, 0x00000000d5580000)
  object space 259584K, 99% used [0x0000000080000000,0x000000008fd73ed8,0x000000008fd80000)
 Metaspace       used 80538K, committed 82176K, reserved 1179648K
  class space    used 8478K, committed 9216K, reserved 1048576K
}
Event: 223.017 GC heap after
{Heap after GC invocations=193 (full 3):
 PSYoungGen      total 5632K, used 128K [0x00000000d5580000, 0x00000000d6000000, 0x0000000100000000)
  eden space 5120K, 0% used [0x00000000d5580000,0x00000000d5580000,0x00000000d5a80000)
  from space 512K, 25% used [0x00000000d5f80000,0x00000000d5fa0000,0x00000000d6000000)
  to   space 512K, 0% used [0x00000000d5f00000,0x00000000d5f00000,0x00000000d5f80000)
 ParOldGen       total 259584K, used 259559K [0x0000000080000000, 0x000000008fd80000, 0x00000000d5580000)
  object space 259584K, 99% used [0x0000000080000000,0x000000008fd79ed8,0x000000008fd80000)
 Metaspace       used 80538K, committed 82176K, reserved 1179648K
  class space    used 8478K, committed 9216K, reserved 1048576K
}
Event: 223.278 GC heap before
{Heap before GC invocations=194 (full 3):
 PSYoungGen      total 5632K, used 5248K [0x00000000d5580000, 0x00000000d6000000, 0x0000000100000000)
  eden space 5120K, 100% used [0x00000000d5580000,0x00000000d5a80000,0x00000000d5a80000)
  from space 512K, 25% used [0x00000000d5f80000,0x00000000d5fa0000,0x00000000d6000000)
  to   space 512K, 0% used [0x00000000d5f00000,0x00000000d5f00000,0x00000000d5f80000)
 ParOldGen       total 259584K, used 259559K [0x0000000080000000, 0x000000008fd80000, 0x00000000d5580000)
  object space 259584K, 99% used [0x0000000080000000,0x000000008fd79ed8,0x000000008fd80000)
 Metaspace       used 81068K, committed 82752K, reserved 1179648K
  class space    used 8533K, committed 9280K, reserved 1048576K
}
Event: 223.280 GC heap after
{Heap after GC invocations=194 (full 3):
 PSYoungGen      total 5632K, used 337K [0x00000000d5580000, 0x00000000d6000000, 0x0000000100000000)
  eden space 5120K, 0% used [0x00000000d5580000,0x00000000d5580000,0x00000000d5a80000)
  from space 512K, 65% used [0x00000000d5f00000,0x00000000d5f545d0,0x00000000d5f80000)
  to   space 512K, 0% used [0x00000000d5f80000,0x00000000d5f80000,0x00000000d6000000)
 ParOldGen       total 260096K, used 259607K [0x0000000080000000, 0x000000008fe00000, 0x00000000d5580000)
  object space 260096K, 99% used [0x0000000080000000,0x000000008fd85ed8,0x000000008fe00000)
 Metaspace       used 81068K, committed 82752K, reserved 1179648K
  class space    used 8533K, committed 9280K, reserved 1048576K
}
Event: 223.342 GC heap before
{Heap before GC invocations=195 (full 3):
 PSYoungGen      total 5632K, used 5333K [0x00000000d5580000, 0x00000000d6000000, 0x0000000100000000)
  eden space 5120K, 97% used [0x00000000d5580000,0x00000000d5a60ec8,0x00000000d5a80000)
  from space 512K, 65% used [0x00000000d5f00000,0x00000000d5f545d0,0x00000000d5f80000)
  to   space 512K, 0% used [0x00000000d5f80000,0x00000000d5f80000,0x00000000d6000000)
 ParOldGen       total 260096K, used 259607K [0x0000000080000000, 0x000000008fe00000, 0x00000000d5580000)
  object space 260096K, 99% used [0x0000000080000000,0x000000008fd85ed8,0x000000008fe00000)
 Metaspace       used 81602K, committed 83328K, reserved 1179648K
  class space    used 8603K, committed 9344K, reserved 1048576K
}
Event: 223.344 GC heap after
{Heap after GC invocations=195 (full 3):
 PSYoungGen      total 5632K, used 351K [0x00000000d5580000, 0x00000000d6000000, 0x0000000100000000)
  eden space 5120K, 0% used [0x00000000d5580000,0x00000000d5580000,0x00000000d5a80000)
  from space 512K, 68% used [0x00000000d5f80000,0x00000000d5fd7c28,0x00000000d6000000)
  to   space 512K, 0% used [0x00000000d5f00000,0x00000000d5f00000,0x00000000d5f80000)
 ParOldGen       total 260096K, used 259862K [0x0000000080000000, 0x000000008fe00000, 0x00000000d5580000)
  object space 260096K, 99% used [0x0000000080000000,0x000000008fdc5ac0,0x000000008fe00000)
 Metaspace       used 81602K, committed 83328K, reserved 1179648K
  class space    used 8603K, committed 9344K, reserved 1048576K
}
Event: 223.433 GC heap before
{Heap before GC invocations=196 (full 3):
 PSYoungGen      total 5632K, used 5471K [0x00000000d5580000, 0x00000000d6000000, 0x0000000100000000)
  eden space 5120K, 100% used [0x00000000d5580000,0x00000000d5a80000,0x00000000d5a80000)
  from space 512K, 68% used [0x00000000d5f80000,0x00000000d5fd7c28,0x00000000d6000000)
  to   space 512K, 0% used [0x00000000d5f00000,0x00000000d5f00000,0x00000000d5f80000)
 ParOldGen       total 260096K, used 259862K [0x0000000080000000, 0x000000008fe00000, 0x00000000d5580000)
  object space 260096K, 99% used [0x0000000080000000,0x000000008fdc5ac0,0x000000008fe00000)
 Metaspace       used 82289K, committed 83968K, reserved 1179648K
  class space    used 8692K, committed 9408K, reserved 1048576K
}
Event: 223.435 GC heap after
{Heap after GC invocations=196 (full 3):
 PSYoungGen      total 5632K, used 208K [0x00000000d5580000, 0x00000000d6000000, 0x0000000100000000)
  eden space 5120K, 0% used [0x00000000d5580000,0x00000000d5580000,0x00000000d5a80000)
  from space 512K, 40% used [0x00000000d5f00000,0x00000000d5f34010,0x00000000d5f80000)
  to   space 512K, 0% used [0x00000000d5f80000,0x00000000d5f80000,0x00000000d6000000)
 ParOldGen       total 260096K, used 259918K [0x0000000080000000, 0x000000008fe00000, 0x00000000d5580000)
  object space 260096K, 99% used [0x0000000080000000,0x000000008fdd3ac0,0x000000008fe00000)
 Metaspace       used 82289K, committed 83968K, reserved 1179648K
  class space    used 8692K, committed 9408K, reserved 1048576K
}
Event: 223.519 GC heap before
{Heap before GC invocations=197 (full 3):
 PSYoungGen      total 5632K, used 5328K [0x00000000d5580000, 0x00000000d6000000, 0x0000000100000000)
  eden space 5120K, 100% used [0x00000000d5580000,0x00000000d5a80000,0x00000000d5a80000)
  from space 512K, 40% used [0x00000000d5f00000,0x00000000d5f34010,0x00000000d5f80000)
  to   space 512K, 0% used [0x00000000d5f80000,0x00000000d5f80000,0x00000000d6000000)
 ParOldGen       total 260096K, used 259918K [0x0000000080000000, 0x000000008fe00000, 0x00000000d5580000)
  object space 260096K, 99% used [0x0000000080000000,0x000000008fdd3ac0,0x000000008fe00000)
 Metaspace       used 82775K, committed 84480K, reserved 1179648K
  class space    used 8794K, committed 9536K, reserved 1048576K
}
Event: 223.521 GC heap after
{Heap after GC invocations=197 (full 3):
 PSYoungGen      total 5632K, used 160K [0x00000000d5580000, 0x00000000d6000000, 0x0000000100000000)
  eden space 5120K, 0% used [0x00000000d5580000,0x00000000d5580000,0x00000000d5a80000)
  from space 512K, 31% used [0x00000000d5f80000,0x00000000d5fa8000,0x00000000d6000000)
  to   space 512K, 0% used [0x00000000d5f00000,0x00000000d5f00000,0x00000000d5f80000)
 ParOldGen       total 260096K, used 260030K [0x0000000080000000, 0x000000008fe00000, 0x00000000d5580000)
  object space 260096K, 99% used [0x0000000080000000,0x000000008fdefaf0,0x000000008fe00000)
 Metaspace       used 82775K, committed 84480K, reserved 1179648K
  class space    used 8794K, committed 9536K, reserved 1048576K
}
Event: 225.941 GC heap before
{Heap before GC invocations=198 (full 3):
 PSYoungGen      total 5632K, used 5280K [0x00000000d5580000, 0x00000000d6000000, 0x0000000100000000)
  eden space 5120K, 100% used [0x00000000d5580000,0x00000000d5a80000,0x00000000d5a80000)
  from space 512K, 31% used [0x00000000d5f80000,0x00000000d5fa8000,0x00000000d6000000)
  to   space 512K, 0% used [0x00000000d5f00000,0x00000000d5f00000,0x00000000d5f80000)
 ParOldGen       total 260096K, used 260030K [0x0000000080000000, 0x000000008fe00000, 0x00000000d5580000)
  object space 260096K, 99% used [0x0000000080000000,0x000000008fdefaf0,0x000000008fe00000)
 Metaspace       used 83368K, committed 85056K, reserved 1179648K
  class space    used 8875K, committed 9600K, reserved 1048576K
}
Event: 225.944 GC heap after
{Heap after GC invocations=198 (full 3):
 PSYoungGen      total 5632K, used 288K [0x00000000d5580000, 0x00000000d6000000, 0x0000000100000000)
  eden space 5120K, 0% used [0x00000000d5580000,0x00000000d5580000,0x00000000d5a80000)
  from space 512K, 56% used [0x00000000d5f00000,0x00000000d5f48000,0x00000000d5f80000)
  to   space 512K, 0% used [0x00000000d5f80000,0x00000000d5f80000,0x00000000d6000000)
 ParOldGen       total 260096K, used 260094K [0x0000000080000000, 0x000000008fe00000, 0x00000000d5580000)
  object space 260096K, 99% used [0x0000000080000000,0x000000008fdffaf0,0x000000008fe00000)
 Metaspace       used 83368K, committed 85056K, reserved 1179648K
  class space    used 8875K, committed 9600K, reserved 1048576K
}

